<?xml version="1.0" encoding="UTF-8"?>
<testsuite xmlns:xsi="http://www.w3.org/2001/XMLSchema-instance" xsi:noNamespaceSchemaLocation="https://maven.apache.org/surefire/maven-surefire-plugin/xsd/surefire-test-report.xsd" name="com.alcnhk.bootcamp.AppTest" time="0.03" tests="3" errors="0" skipped="0" failures="0">
  <properties>
[...]
</properties>
  <testcase name="testLogicalMatcher" classname="com.alcnhk.bootcamp.AppTest" time="0.015"/>
  <testcase name="test" classname="com.alcnhk.bootcamp.AppTest" time="0.001"/>
  <testcase name="testString" classname="com.alcnhk.bootcamp.AppTest" time="0.002"/>
</testsuite>